05-14-2024 @ 18:24:26 - ---[ New export started at 2024-05-14 15:24:26 ] PHP Memory: 128 Б, WP Memory: 40 МБ
05-14-2024 @ 18:24:26 - Backup process initiated..
05-14-2024 @ 18:24:26 - Checking database connection
05-14-2024 @ 18:24:26 - Database connection successfully established
05-14-2024 @ 18:24:26 - Database backup process initialized...
05-14-2024 @ 18:24:26 - Database backup directory successfully created
05-14-2024 @ 18:24:26 - Database backup process started..
05-14-2024 @ 18:24:26 - Limit: 1 Offset 0
05-14-2024 @ 18:24:26 - Total 1 database tables checkpoints ready for export
05-14-2024 @ 18:24:26 -  Table wp_commentmeta exporting ..
05-14-2024 @ 18:24:26 -  Table wp_comments exporting ..
05-14-2024 @ 18:24:26 -  Table wp_links exporting ..
05-14-2024 @ 18:24:26 -  Table wp_options exporting ..
05-14-2024 @ 18:24:26 -  Table wp_postmeta exporting ..
05-14-2024 @ 18:24:26 -  Table wp_posts exporting ..
05-14-2024 @ 18:24:26 -  Table wp_term_relationships exporting ..
05-14-2024 @ 18:24:26 -  Table wp_term_taxonomy exporting ..
05-14-2024 @ 18:24:26 -  Table wp_termmeta exporting ..
05-14-2024 @ 18:24:26 -  Table wp_terms exporting ..
05-14-2024 @ 18:24:26 -  Table wp_usermeta exporting ..
05-14-2024 @ 18:24:26 -  Table wp_users exporting ..
05-14-2024 @ 18:24:26 -  Table wp_wt_mgdp_ftp exporting ..
05-14-2024 @ 18:24:26 - 1 out of 1 tables checkpoint exported.
05-14-2024 @ 18:24:26 - 1 out of 1 tables checkpoint exported.
05-14-2024 @ 18:24:26 - Database backup process completed
05-14-2024 @ 18:24:26 - DB split compleited.
05-14-2024 @ 18:24:26 - Files and directories prepared for backup...
05-14-2024 @ 18:24:26 - Using PclZip module to create the backup
05-14-2024 @ 18:24:26 - Starting compression process...
05-14-2024 @ 18:24:26 - Total files:1 Total directorys:4
05-14-2024 @ 18:24:26 - 1 files exported.
05-14-2024 @ 18:24:27 - 1 out of 4 directory checkpoint exported.
05-14-2024 @ 18:24:28 - 2 out of 4 directory checkpoint exported.
05-14-2024 @ 18:24:30 - 3 out of 4 directory checkpoint exported.
05-14-2024 @ 18:24:30 - 4 out of 4 directory checkpoint exported.
05-14-2024 @ 18:24:30 -  Database backup directory removed sucessfully
05-14-2024 @ 18:24:30 - Backup completed successfully!
05-14-2024 @ 18:24:30 - ---[ Export Ended at 2024-05-14 15:24:30 ] --- 
05-14-2024 @ 18:24:30 - local file upload started .. 
05-14-2024 @ 18:24:30 - local file upload started .. 
05-14-2024 @ 18:24:30 - local file upload started .. 
05-14-2024 @ 18:25:00 - local file upload started .. 
05-14-2024 @ 18:25:00 - local file upload started .. 
05-14-2024 @ 18:25:00 - local file upload started .. 
